<?xml version="1.0" encoding="UTF-8"?>
<!-- Generated by org.testng.reporters.JUnitReportReporter -->
<testsuite hostname="DESKTOP-FUR5M3I" failures="0" tests="2" name="RunnerFile.RunnerFile" time="11.174" errors="0" timestamp="2024-10-18T10:50:17 IST" skipped="0">
  <testcase classname="RunnerFile.RunnerFile" name="runScenario" time="6.906"/>
  <system-out/>
  <testcase classname="RunnerFile.RunnerFile" name="runScenario" time="4.268"/>
  <system-out/>
</testsuite> <!-- RunnerFile.RunnerFile -->
